<?xml version="1.0" encoding="UTF-8"?>
<!-- Generated by org.testng.reporters.JUnitXMLReporter -->
<testsuite ignored="1" hostname="Arunkumar" failures="0" tests="1" name="Default test" time="2.408" errors="0" timestamp="2021-12-12T12:36:52 IST">
  <testcase classname="Parameters.GitHubPathParameterTest" name="gitHubPathAndQueryParameter" time="2.369"/>
  <testcase classname="Parameters.GitHubPathParameterTest" name="gitHubPathParameter" time="0.0">
    <ignored/>
  </testcase> <!-- gitHubPathParameter -->
</testsuite> <!-- Default test -->
