<?xml version="1.0" encoding="UTF-8"?>
<testng-results ignored="0" total="1" passed="1" failed="0" skipped="0">
  <reporter-output>
  </reporter-output>
  <suite started-at="2021-12-10T15:13:40 IST" name="Default suite" finished-at="2021-12-10T15:13:43 IST" duration-ms="2525">
    <groups>
    </groups>
    <test started-at="2021-12-10T15:13:40 IST" name="Default test" finished-at="2021-12-10T15:13:43 IST" duration-ms="2525">
      <class name="Parameters.GitHubPathParameterTest">
        <test-method signature="gitHubPathParameter()[pri:0, instance:Parameters.GitHubPathParameterTest@247d8ae]" started-at="2021-12-10T15:13:40 IST" name="gitHubPathParameter" finished-at="2021-12-10T15:13:43 IST" duration-ms="2490" status="PASS">
          <reporter-output>
          </reporter-output>
        </test-method> <!-- gitHubPathParameter -->
      </class> <!-- Parameters.GitHubPathParameterTest -->
    </test> <!-- Default test -->
  </suite> <!-- Default suite -->
</testng-results>
